<?xml version="1.0" encoding="UTF-8"?>
<testsuite name="gallantmedia.AppErrorControllerTests" tests="1" skipped="0" failures="0" errors="0" timestamp="2016-08-08T06:12:54" hostname="GallantDebian" time="0.04">
  <properties/>
  <testcase name="contextLoads" classname="gallantmedia.AppErrorControllerTests" time="0.04"/>
  <system-out><![CDATA[02:12:52.258 [Test worker] DEBUG org.springframework.test.context.junit4.SpringJUnit4ClassRunner - SpringJUnit4ClassRunner constructor called with [class gallantmedia.AppErrorControllerTests]
02:12:52.270 [Test worker] DEBUG org.springframework.test.context.BootstrapUtils - Instantiating CacheAwareContextLoaderDelegate from class [org.springframework.test.context.cache.DefaultCacheAwareContextLoaderDelegate]
02:12:52.292 [Test worker] DEBUG org.springframework.test.context.BootstrapUtils - Instantiating BootstrapContext using constructor [public org.springframework.test.context.support.DefaultBootstrapContext(java.lang.Class,org.springframework.test.context.CacheAwareContextLoaderDelegate)]
02:12:52.339 [Test worker] DEBUG org.springframework.test.context.BootstrapUtils - Instantiating TestContextBootstrapper for test class [gallantmedia.AppErrorControllerTests] from class [org.springframework.boot.test.context.SpringBootTestContextBootstrapper]
02:12:52.373 [Test worker] INFO org.springframework.boot.test.context.SpringBootTestContextBootstrapper - Neither @ContextConfiguration nor @ContextHierarchy found for test class [gallantmedia.AppErrorControllerTests], using SpringBootContextLoader
02:12:52.383 [Test worker] DEBUG org.springframework.test.context.support.AbstractContextLoader - Did not detect default resource location for test class [gallantmedia.AppErrorControllerTests]: class path resource [gallantmedia/AppErrorControllerTests-context.xml] does not exist
02:12:52.385 [Test worker] DEBUG org.springframework.test.context.support.AbstractContextLoader - Did not detect default resource location for test class [gallantmedia.AppErrorControllerTests]: class path resource [gallantmedia/AppErrorControllerTestsContext.groovy] does not exist
02:12:52.385 [Test worker] INFO org.springframework.test.context.support.AbstractContextLoader - Could not detect default resource locations for test class [gallantmedia.AppErrorControllerTests]: no resource found for suffixes {-context.xml, Context.groovy}.
02:12:52.493 [Test worker] DEBUG org.springframework.test.context.support.ActiveProfilesUtils - Could not find an 'annotation declaring class' for annotation type [org.springframework.test.context.ActiveProfiles] and class [gallantmedia.AppErrorControllerTests]
02:12:52.514 [Test worker] DEBUG org.springframework.boot.test.context.SpringBootTestContextBootstrapper - @TestExecutionListeners is not present for class [gallantmedia.AppErrorControllerTests]: using defaults.
02:12:52.527 [Test worker] INFO org.springframework.boot.test.context.SpringBootTestContextBootstrapper - Loaded default TestExecutionListener class names from location [META-INF/spring.factories]: [org.springframework.boot.test.mock.mockito.MockitoTestExecutionListener, org.springframework.boot.test.mock.mockito.ResetMocksTestExecutionListener, org.springframework.boot.test.autoconfigure.AutoConfigureReportTestExecutionListener, org.springframework.boot.test.autoconfigure.restdocs.RestDocsTestExecutionListener, org.springframework.boot.test.autoconfigure.web.client.MockRestServiceServerResetTestExecutionListener, org.springframework.test.context.web.ServletTestExecutionListener, org.springframework.test.context.support.DirtiesContextBeforeModesTestExecutionListener, org.springframework.test.context.support.DependencyInjectionTestExecutionListener, org.springframework.test.context.support.DirtiesContextTestExecutionListener, org.springframework.test.context.transaction.TransactionalTestExecutionListener, org.springframework.test.context.jdbc.SqlScriptsTestExecutionListener]
02:12:52.541 [Test worker] INFO org.springframework.boot.test.context.SpringBootTestContextBootstrapper - Could not instantiate TestExecutionListener [org.springframework.test.context.jdbc.SqlScriptsTestExecutionListener]. Specify custom listener classes or make the default listener classes (and their required dependencies) available. Offending class: [org/springframework/transaction/interceptor/TransactionAttribute]
02:12:52.543 [Test worker] INFO org.springframework.boot.test.context.SpringBootTestContextBootstrapper - Could not instantiate TestExecutionListener [org.springframework.test.context.transaction.TransactionalTestExecutionListener]. Specify custom listener classes or make the default listener classes (and their required dependencies) available. Offending class: [org/springframework/transaction/TransactionDefinition]
02:12:52.550 [Test worker] INFO org.springframework.boot.test.context.SpringBootTestContextBootstrapper - Using TestExecutionListeners: [org.springframework.test.context.web.ServletTestExecutionListener@16f1a2c, org.springframework.test.context.support.DirtiesContextBeforeModesTestExecutionListener@7abf52c1, org.springframework.boot.test.autoconfigure.AutoConfigureReportTestExecutionListener@6fef1564, org.springframework.test.context.support.DependencyInjectionTestExecutionListener@7b7e8404, org.springframework.test.context.support.DirtiesContextTestExecutionListener@2394f3d, org.springframework.boot.test.autoconfigure.restdocs.RestDocsTestExecutionListener@2102ce1, org.springframework.boot.test.mock.mockito.MockitoTestExecutionListener@15c34df2, org.springframework.boot.test.mock.mockito.ResetMocksTestExecutionListener@1a12b5ea, org.springframework.boot.test.autoconfigure.web.client.MockRestServiceServerResetTestExecutionListener@521a4132]
02:12:52.555 [Test worker] DEBUG org.springframework.test.annotation.ProfileValueUtils - Retrieved @ProfileValueSourceConfiguration [null] for test class [gallantmedia.AppErrorControllerTests]
02:12:52.557 [Test worker] DEBUG org.springframework.test.annotation.ProfileValueUtils - Retrieved ProfileValueSource type [class org.springframework.test.annotation.SystemProfileValueSource] for class [gallantmedia.AppErrorControllerTests]
02:12:52.559 [Test worker] DEBUG org.springframework.test.annotation.ProfileValueUtils - Retrieved @ProfileValueSourceConfiguration [null] for test class [gallantmedia.AppErrorControllerTests]
02:12:52.559 [Test worker] DEBUG org.springframework.test.annotation.ProfileValueUtils - Retrieved ProfileValueSource type [class org.springframework.test.annotation.SystemProfileValueSource] for class [gallantmedia.AppErrorControllerTests]
02:12:52.570 [Test worker] DEBUG org.springframework.test.context.support.AbstractDirtiesContextTestExecutionListener - Before test class: context [DefaultTestContext@4bd7fc26 testClass = AppErrorControllerTests, testInstance = [null], testMethod = [null], testException = [null], mergedContextConfiguration = [WebMergedContextConfiguration@41ef8587 testClass = AppErrorControllerTests, locations = '{}', classes = '{class gallantmedia.AppErrorController, class gallantmedia.AppErrorController}', contextInitializerClasses = '[]', activeProfiles = '{}', propertySourceLocations = '{}', propertySourceProperties = '{org.springframework.boot.test.context.SpringBootTestContextBootstrapper=true}', contextCustomizers = set[org.springframework.boot.test.context.SpringBootTestContextCustomizer@79f78c68, org.springframework.boot.test.context.filter.ExcludeFilterContextCustomizer@607b0b6b, org.springframework.boot.test.mock.mockito.MockitoContextCustomizer@0, org.springframework.boot.test.autoconfigure.properties.PropertyMappingContextCustomizer@0, org.springframework.test.context.web.socket.MockServerContainerContextCustomizer@488cc817], resourceBasePath = 'src/main/webapp', contextLoader = 'org.springframework.boot.test.context.SpringBootContextLoader', parent = [null]]], class annotated with @DirtiesContext [false] with mode [null].
02:12:52.572 [Test worker] DEBUG org.springframework.test.annotation.ProfileValueUtils - Retrieved @ProfileValueSourceConfiguration [null] for test class [gallantmedia.AppErrorControllerTests]
02:12:52.572 [Test worker] DEBUG org.springframework.test.annotation.ProfileValueUtils - Retrieved ProfileValueSource type [class org.springframework.test.annotation.SystemProfileValueSource] for class [gallantmedia.AppErrorControllerTests]
02:12:52.755 [Test worker] DEBUG org.springframework.core.env.StandardEnvironment - Adding [systemProperties] PropertySource with lowest search precedence
02:12:52.758 [Test worker] DEBUG org.springframework.core.env.StandardEnvironment - Adding [systemEnvironment] PropertySource with lowest search precedence
02:12:52.759 [Test worker] DEBUG org.springframework.core.env.StandardEnvironment - Initialized StandardEnvironment with PropertySources [systemProperties,systemEnvironment]
02:12:52.763 [Test worker] DEBUG org.springframework.test.context.support.TestPropertySourceUtils - Adding inlined properties to environment: {spring.jmx.enabled=false, org.springframework.boot.test.context.SpringBootTestContextBootstrapper=true, server.port=-1}
02:12:52.765 [Test worker] DEBUG org.springframework.core.env.StandardEnvironment - Adding [Inlined Test Properties] PropertySource with highest search precedence

  .   ____          _            __ _ _
 /\\ / ___'_ __ _ _(_)_ __  __ _ \ \ \ \
( ( )\___ | '_ | '_| | '_ \/ _` | \ \ \ \
 \\/  ___)| |_)| | | | | || (_| |  ) ) ) )
  '  |____| .__|_| |_|_| |_\__, | / / / /
 =========|_|==============|___/=/_/_/_/
 :: Spring Boot ::        (v1.4.0.RELEASE)

2016-08-08 02:12:53.694  INFO 13150 --- [    Test worker] gallantmedia.AppErrorControllerTests     : Starting AppErrorControllerTests on GallantDebian with PID 13150 (started by ggallant in /var/www/GallantMediaSrc)
2016-08-08 02:12:53.696  INFO 13150 --- [    Test worker] gallantmedia.AppErrorControllerTests     : No active profile set, falling back to default profiles: default
2016-08-08 02:12:53.878  INFO 13150 --- [    Test worker] o.s.w.c.s.GenericWebApplicationContext   : Refreshing org.springframework.web.context.support.GenericWebApplicationContext@5749fa8d: startup date [Mon Aug 08 02:12:53 EDT 2016]; root of context hierarchy
2016-08-08 02:12:54.206  INFO 13150 --- [    Test worker] f.a.AutowiredAnnotationBeanPostProcessor : JSR-330 'javax.inject.Inject' annotation found and supported for autowiring
2016-08-08 02:12:54.465  INFO 13150 --- [    Test worker] gallantmedia.AppErrorControllerTests     : Started AppErrorControllerTests in 1.671 seconds (JVM running for 3.517)
]]></system-out>
  <system-err><![CDATA[]]></system-err>
</testsuite>
