<?xml version="1.0" encoding="UTF-8"?>
<testsuite name="gallantmedia.GallantMediaSrcApplicationTests" tests="1" skipped="0" failures="0" errors="0" timestamp="2016-07-31T01:51:05" hostname="GallantDebian" time="0.021">
  <properties/>
  <testcase name="contextLoads" classname="gallantmedia.GallantMediaSrcApplicationTests" time="0.021"/>
  <system-out><![CDATA[2016-07-30 21:50:58.435  INFO 10608 --- [    Test worker] o.s.t.c.support.AbstractContextLoader    : Could not detect default resource locations for test class [gallantmedia.GallantMediaSrcApplicationTests]: no resource found for suffixes {-context.xml, Context.groovy}.
2016-07-30 21:50:58.497  INFO 10608 --- [    Test worker] o.s.t.c.web.WebTestContextBootstrapper   : Loaded default TestExecutionListener class names from location [META-INF/spring.factories]: [org.springframework.boot.test.mock.mockito.MockitoTestExecutionListener, org.springframework.boot.test.mock.mockito.ResetMocksTestExecutionListener, org.springframework.boot.test.autoconfigure.AutoConfigureReportTestExecutionListener, org.springframework.boot.test.autoconfigure.restdocs.RestDocsTestExecutionListener, org.springframework.boot.test.autoconfigure.web.client.MockRestServiceServerResetTestExecutionListener, org.springframework.test.context.web.ServletTestExecutionListener, org.springframework.test.context.support.DirtiesContextBeforeModesTestExecutionListener, org.springframework.test.context.support.DependencyInjectionTestExecutionListener, org.springframework.test.context.support.DirtiesContextTestExecutionListener, org.springframework.test.context.transaction.TransactionalTestExecutionListener, org.springframework.test.context.jdbc.SqlScriptsTestExecutionListener]
2016-07-30 21:50:58.500  INFO 10608 --- [    Test worker] o.s.t.c.web.WebTestContextBootstrapper   : Could not instantiate TestExecutionListener [org.springframework.test.context.transaction.TransactionalTestExecutionListener]. Specify custom listener classes or make the default listener classes (and their required dependencies) available. Offending class: [org/springframework/transaction/TransactionDefinition]
2016-07-30 21:50:58.502  INFO 10608 --- [    Test worker] o.s.t.c.web.WebTestContextBootstrapper   : Could not instantiate TestExecutionListener [org.springframework.test.context.jdbc.SqlScriptsTestExecutionListener]. Specify custom listener classes or make the default listener classes (and their required dependencies) available. Offending class: [org/springframework/transaction/interceptor/TransactionAttribute]
2016-07-30 21:50:58.504  INFO 10608 --- [    Test worker] o.s.t.c.web.WebTestContextBootstrapper   : Using TestExecutionListeners: [org.springframework.test.context.web.ServletTestExecutionListener@44621611, org.springframework.test.context.support.DirtiesContextBeforeModesTestExecutionListener@27b90ab3, org.springframework.boot.test.autoconfigure.AutoConfigureReportTestExecutionListener@7c8798da, org.springframework.test.context.support.DependencyInjectionTestExecutionListener@4ab5dcea, org.springframework.test.context.support.DirtiesContextTestExecutionListener@1e338933, org.springframework.boot.test.mock.mockito.MockitoTestExecutionListener@7130e4d4, org.springframework.boot.test.autoconfigure.restdocs.RestDocsTestExecutionListener@3131e360, org.springframework.boot.test.autoconfigure.web.client.MockRestServiceServerResetTestExecutionListener@55073b20, org.springframework.boot.test.mock.mockito.ResetMocksTestExecutionListener@577f5aa2]

  .   ____          _            __ _ _
 /\\ / ___'_ __ _ _(_)_ __  __ _ \ \ \ \
( ( )\___ | '_ | '_| | '_ \/ _` | \ \ \ \
 \\/  ___)| |_)| | | | | || (_| |  ) ) ) )
  '  |____| .__|_| |_|_| |_\__, | / / / /
 =========|_|==============|___/=/_/_/_/
 :: Spring Boot ::        (v1.4.0.RELEASE)

2016-07-30 21:50:59.107  INFO 10608 --- [    Test worker] g.GallantMediaSrcApplicationTests        : Starting GallantMediaSrcApplicationTests on GallantDebian with PID 10608 (started by ggallant in /var/www/GallantMediaSrc)
2016-07-30 21:50:59.108  INFO 10608 --- [    Test worker] g.GallantMediaSrcApplicationTests        : No active profile set, falling back to default profiles: default
2016-07-30 21:50:59.316  INFO 10608 --- [    Test worker] o.s.w.c.s.GenericWebApplicationContext   : Refreshing org.springframework.web.context.support.GenericWebApplicationContext@4f096751: startup date [Sat Jul 30 21:50:59 EDT 2016]; root of context hierarchy
2016-07-30 21:51:04.778  INFO 10608 --- [    Test worker] s.w.s.m.m.a.RequestMappingHandlerAdapter : Looking for @ControllerAdvice: org.springframework.web.context.support.GenericWebApplicationContext@4f096751: startup date [Sat Jul 30 21:50:59 EDT 2016]; root of context hierarchy
2016-07-30 21:51:05.037  INFO 10608 --- [    Test worker] s.w.s.m.m.a.RequestMappingHandlerMapping : Mapped "{[/error]}" onto public java.lang.String gallantmedia.AppErrorController.error()
2016-07-30 21:51:05.042  INFO 10608 --- [    Test worker] s.w.s.m.m.a.RequestMappingHandlerMapping : Mapped "{[/]}" onto public java.lang.String gallantmedia.HelloController.index()
2016-07-30 21:51:05.171  INFO 10608 --- [    Test worker] o.s.w.s.handler.SimpleUrlHandlerMapping  : Mapped URL path [/webjars/**] onto handler of type [class org.springframework.web.servlet.resource.ResourceHttpRequestHandler]
2016-07-30 21:51:05.171  INFO 10608 --- [    Test worker] o.s.w.s.handler.SimpleUrlHandlerMapping  : Mapped URL path [/**] onto handler of type [class org.springframework.web.servlet.resource.ResourceHttpRequestHandler]
2016-07-30 21:51:05.317  INFO 10608 --- [    Test worker] o.s.w.s.handler.SimpleUrlHandlerMapping  : Mapped URL path [/**/favicon.ico] onto handler of type [class org.springframework.web.servlet.resource.ResourceHttpRequestHandler]
2016-07-30 21:51:05.888  INFO 10608 --- [    Test worker] g.GallantMediaSrcApplicationTests        : Started GallantMediaSrcApplicationTests in 7.225 seconds (JVM running for 12.662)
]]></system-out>
  <system-err><![CDATA[]]></system-err>
</testsuite>
