<?xml version="1.0" encoding="UTF-8"?>
<testsuite name="gallantmedia.AppErrorControllerTests" tests="1" skipped="0" failures="0" errors="0" timestamp="2016-07-31T01:50:58" hostname="GallantDebian" time="0.042">
  <properties/>
  <testcase name="contextLoads" classname="gallantmedia.AppErrorControllerTests" time="0.042"/>
  <system-out><![CDATA[21:50:55.178 [Test worker] DEBUG org.springframework.test.context.junit4.SpringJUnit4ClassRunner - SpringJUnit4ClassRunner constructor called with [class gallantmedia.AppErrorControllerTests]
21:50:55.194 [Test worker] DEBUG org.springframework.test.context.BootstrapUtils - Instantiating CacheAwareContextLoaderDelegate from class [org.springframework.test.context.cache.DefaultCacheAwareContextLoaderDelegate]
21:50:55.217 [Test worker] DEBUG org.springframework.test.context.BootstrapUtils - Instantiating BootstrapContext using constructor [public org.springframework.test.context.support.DefaultBootstrapContext(java.lang.Class,org.springframework.test.context.CacheAwareContextLoaderDelegate)]
21:50:55.271 [Test worker] DEBUG org.springframework.test.context.BootstrapUtils - Instantiating TestContextBootstrapper for test class [gallantmedia.AppErrorControllerTests] from class [org.springframework.boot.test.context.SpringBootTestContextBootstrapper]
21:50:55.316 [Test worker] INFO org.springframework.boot.test.context.SpringBootTestContextBootstrapper - Neither @ContextConfiguration nor @ContextHierarchy found for test class [gallantmedia.AppErrorControllerTests], using SpringBootContextLoader
21:50:55.330 [Test worker] DEBUG org.springframework.test.context.support.AbstractContextLoader - Did not detect default resource location for test class [gallantmedia.AppErrorControllerTests]: class path resource [gallantmedia/AppErrorControllerTests-context.xml] does not exist
21:50:55.331 [Test worker] DEBUG org.springframework.test.context.support.AbstractContextLoader - Did not detect default resource location for test class [gallantmedia.AppErrorControllerTests]: class path resource [gallantmedia/AppErrorControllerTestsContext.groovy] does not exist
21:50:55.333 [Test worker] INFO org.springframework.test.context.support.AbstractContextLoader - Could not detect default resource locations for test class [gallantmedia.AppErrorControllerTests]: no resource found for suffixes {-context.xml, Context.groovy}.
21:50:55.486 [Test worker] DEBUG org.springframework.test.context.support.ActiveProfilesUtils - Could not find an 'annotation declaring class' for annotation type [org.springframework.test.context.ActiveProfiles] and class [gallantmedia.AppErrorControllerTests]
21:50:55.518 [Test worker] DEBUG org.springframework.boot.test.context.SpringBootTestContextBootstrapper - @TestExecutionListeners is not present for class [gallantmedia.AppErrorControllerTests]: using defaults.
21:50:55.538 [Test worker] INFO org.springframework.boot.test.context.SpringBootTestContextBootstrapper - Loaded default TestExecutionListener class names from location [META-INF/spring.factories]: [org.springframework.boot.test.mock.mockito.MockitoTestExecutionListener, org.springframework.boot.test.mock.mockito.ResetMocksTestExecutionListener, org.springframework.boot.test.autoconfigure.AutoConfigureReportTestExecutionListener, org.springframework.boot.test.autoconfigure.restdocs.RestDocsTestExecutionListener, org.springframework.boot.test.autoconfigure.web.client.MockRestServiceServerResetTestExecutionListener, org.springframework.test.context.web.ServletTestExecutionListener, org.springframework.test.context.support.DirtiesContextBeforeModesTestExecutionListener, org.springframework.test.context.support.DependencyInjectionTestExecutionListener, org.springframework.test.context.support.DirtiesContextTestExecutionListener, org.springframework.test.context.transaction.TransactionalTestExecutionListener, org.springframework.test.context.jdbc.SqlScriptsTestExecutionListener]
21:50:55.556 [Test worker] INFO org.springframework.boot.test.context.SpringBootTestContextBootstrapper - Could not instantiate TestExecutionListener [org.springframework.test.context.transaction.TransactionalTestExecutionListener]. Specify custom listener classes or make the default listener classes (and their required dependencies) available. Offending class: [org/springframework/transaction/TransactionDefinition]
21:50:55.570 [Test worker] INFO org.springframework.boot.test.context.SpringBootTestContextBootstrapper - Could not instantiate TestExecutionListener [org.springframework.test.context.jdbc.SqlScriptsTestExecutionListener]. Specify custom listener classes or make the default listener classes (and their required dependencies) available. Offending class: [org/springframework/transaction/interceptor/TransactionAttribute]
21:50:55.571 [Test worker] INFO org.springframework.boot.test.context.SpringBootTestContextBootstrapper - Using TestExecutionListeners: [org.springframework.test.context.web.ServletTestExecutionListener@4a63161e, org.springframework.test.context.support.DirtiesContextBeforeModesTestExecutionListener@257f5693, org.springframework.boot.test.autoconfigure.AutoConfigureReportTestExecutionListener@49566dd8, org.springframework.test.context.support.DependencyInjectionTestExecutionListener@5a0bbf5d, org.springframework.test.context.support.DirtiesContextTestExecutionListener@80a81e4, org.springframework.boot.test.mock.mockito.MockitoTestExecutionListener@579e95b8, org.springframework.boot.test.autoconfigure.restdocs.RestDocsTestExecutionListener@2d5c1a3e, org.springframework.boot.test.autoconfigure.web.client.MockRestServiceServerResetTestExecutionListener@2aaab99f, org.springframework.boot.test.mock.mockito.ResetMocksTestExecutionListener@7673188f]
21:50:55.584 [Test worker] DEBUG org.springframework.test.annotation.ProfileValueUtils - Retrieved @ProfileValueSourceConfiguration [null] for test class [gallantmedia.AppErrorControllerTests]
21:50:55.586 [Test worker] DEBUG org.springframework.test.annotation.ProfileValueUtils - Retrieved ProfileValueSource type [class org.springframework.test.annotation.SystemProfileValueSource] for class [gallantmedia.AppErrorControllerTests]
21:50:55.589 [Test worker] DEBUG org.springframework.test.annotation.ProfileValueUtils - Retrieved @ProfileValueSourceConfiguration [null] for test class [gallantmedia.AppErrorControllerTests]
21:50:55.590 [Test worker] DEBUG org.springframework.test.annotation.ProfileValueUtils - Retrieved ProfileValueSource type [class org.springframework.test.annotation.SystemProfileValueSource] for class [gallantmedia.AppErrorControllerTests]
21:50:55.610 [Test worker] DEBUG org.springframework.test.context.support.AbstractDirtiesContextTestExecutionListener - Before test class: context [DefaultTestContext@4695f5e5 testClass = AppErrorControllerTests, testInstance = [null], testMethod = [null], testException = [null], mergedContextConfiguration = [WebMergedContextConfiguration@40465821 testClass = AppErrorControllerTests, locations = '{}', classes = '{class gallantmedia.AppErrorController, class gallantmedia.AppErrorController}', contextInitializerClasses = '[]', activeProfiles = '{}', propertySourceLocations = '{}', propertySourceProperties = '{org.springframework.boot.test.context.SpringBootTestContextBootstrapper=true}', contextCustomizers = set[org.springframework.boot.test.context.SpringBootTestContextCustomizer@2a85e0c6, org.springframework.boot.test.context.filter.ExcludeFilterContextCustomizer@5c8abf1f, org.springframework.boot.test.mock.mockito.MockitoContextCustomizer@0, org.springframework.boot.test.autoconfigure.properties.PropertyMappingContextCustomizer@0, org.springframework.test.context.web.socket.MockServerContainerContextCustomizer@3d8e0ea0], resourceBasePath = 'src/main/webapp', contextLoader = 'org.springframework.boot.test.context.SpringBootContextLoader', parent = [null]]], class annotated with @DirtiesContext [false] with mode [null].
21:50:55.613 [Test worker] DEBUG org.springframework.test.annotation.ProfileValueUtils - Retrieved @ProfileValueSourceConfiguration [null] for test class [gallantmedia.AppErrorControllerTests]
21:50:55.614 [Test worker] DEBUG org.springframework.test.annotation.ProfileValueUtils - Retrieved ProfileValueSource type [class org.springframework.test.annotation.SystemProfileValueSource] for class [gallantmedia.AppErrorControllerTests]
21:50:55.871 [Test worker] DEBUG org.springframework.core.env.StandardEnvironment - Adding [systemProperties] PropertySource with lowest search precedence
21:50:55.875 [Test worker] DEBUG org.springframework.core.env.StandardEnvironment - Adding [systemEnvironment] PropertySource with lowest search precedence
21:50:55.876 [Test worker] DEBUG org.springframework.core.env.StandardEnvironment - Initialized StandardEnvironment with PropertySources [systemProperties,systemEnvironment]
21:50:55.883 [Test worker] DEBUG org.springframework.test.context.support.TestPropertySourceUtils - Adding inlined properties to environment: {spring.jmx.enabled=false, org.springframework.boot.test.context.SpringBootTestContextBootstrapper=true, server.port=-1}
21:50:55.884 [Test worker] DEBUG org.springframework.core.env.StandardEnvironment - Adding [Inlined Test Properties] PropertySource with highest search precedence

  .   ____          _            __ _ _
 /\\ / ___'_ __ _ _(_)_ __  __ _ \ \ \ \
( ( )\___ | '_ | '_| | '_ \/ _` | \ \ \ \
 \\/  ___)| |_)| | | | | || (_| |  ) ) ) )
  '  |____| .__|_| |_|_| |_\__, | / / / /
 =========|_|==============|___/=/_/_/_/
 :: Spring Boot ::        (v1.4.0.RELEASE)

2016-07-30 21:50:57.311  INFO 10608 --- [    Test worker] gallantmedia.AppErrorControllerTests     : Starting AppErrorControllerTests on GallantDebian with PID 10608 (started by ggallant in /var/www/GallantMediaSrc)
2016-07-30 21:50:57.316  INFO 10608 --- [    Test worker] gallantmedia.AppErrorControllerTests     : No active profile set, falling back to default profiles: default
2016-07-30 21:50:57.492  INFO 10608 --- [    Test worker] o.s.w.c.s.GenericWebApplicationContext   : Refreshing org.springframework.web.context.support.GenericWebApplicationContext@71b636c9: startup date [Sat Jul 30 21:50:57 EDT 2016]; root of context hierarchy
2016-07-30 21:50:58.228  INFO 10608 --- [    Test worker] gallantmedia.AppErrorControllerTests     : Started AppErrorControllerTests in 2.31 seconds (JVM running for 5.001)
]]></system-out>
  <system-err><![CDATA[]]></system-err>
</testsuite>
