<?xml version="1.0" encoding="UTF-8"?>
<testsuite name="gallantmedia.GallantMediaSrcApplicationTests" tests="1" skipped="0" failures="0" errors="0" timestamp="2016-08-08T06:12:59" hostname="GallantDebian" time="0.006">
  <properties/>
  <testcase name="contextLoads" classname="gallantmedia.GallantMediaSrcApplicationTests" time="0.006"/>
  <system-out><![CDATA[2016-08-08 02:12:54.668  INFO 13150 --- [    Test worker] o.s.t.c.support.AbstractContextLoader    : Could not detect default resource locations for test class [gallantmedia.GallantMediaSrcApplicationTests]: no resource found for suffixes {-context.xml, Context.groovy}.
2016-08-08 02:12:54.777  INFO 13150 --- [    Test worker] o.s.t.c.web.WebTestContextBootstrapper   : Loaded default TestExecutionListener class names from location [META-INF/spring.factories]: [org.springframework.boot.test.mock.mockito.MockitoTestExecutionListener, org.springframework.boot.test.mock.mockito.ResetMocksTestExecutionListener, org.springframework.boot.test.autoconfigure.AutoConfigureReportTestExecutionListener, org.springframework.boot.test.autoconfigure.restdocs.RestDocsTestExecutionListener, org.springframework.boot.test.autoconfigure.web.client.MockRestServiceServerResetTestExecutionListener, org.springframework.test.context.web.ServletTestExecutionListener, org.springframework.test.context.support.DirtiesContextBeforeModesTestExecutionListener, org.springframework.test.context.support.DependencyInjectionTestExecutionListener, org.springframework.test.context.support.DirtiesContextTestExecutionListener, org.springframework.test.context.transaction.TransactionalTestExecutionListener, org.springframework.test.context.jdbc.SqlScriptsTestExecutionListener]
2016-08-08 02:12:54.780  INFO 13150 --- [    Test worker] o.s.t.c.web.WebTestContextBootstrapper   : Could not instantiate TestExecutionListener [org.springframework.test.context.jdbc.SqlScriptsTestExecutionListener]. Specify custom listener classes or make the default listener classes (and their required dependencies) available. Offending class: [org/springframework/transaction/interceptor/TransactionAttribute]
2016-08-08 02:12:54.782  INFO 13150 --- [    Test worker] o.s.t.c.web.WebTestContextBootstrapper   : Could not instantiate TestExecutionListener [org.springframework.test.context.transaction.TransactionalTestExecutionListener]. Specify custom listener classes or make the default listener classes (and their required dependencies) available. Offending class: [org/springframework/transaction/TransactionDefinition]
2016-08-08 02:12:54.784  INFO 13150 --- [    Test worker] o.s.t.c.web.WebTestContextBootstrapper   : Using TestExecutionListeners: [org.springframework.test.context.web.ServletTestExecutionListener@7edb67a3, org.springframework.test.context.support.DirtiesContextBeforeModesTestExecutionListener@1984662e, org.springframework.boot.test.autoconfigure.AutoConfigureReportTestExecutionListener@5f7e4bbe, org.springframework.test.context.support.DependencyInjectionTestExecutionListener@66e7a47c, org.springframework.test.context.support.DirtiesContextTestExecutionListener@43a4217c, org.springframework.boot.test.autoconfigure.restdocs.RestDocsTestExecutionListener@792b8a30, org.springframework.boot.test.mock.mockito.MockitoTestExecutionListener@54a51d10, org.springframework.boot.test.mock.mockito.ResetMocksTestExecutionListener@fba87bc, org.springframework.boot.test.autoconfigure.web.client.MockRestServiceServerResetTestExecutionListener@6d77e8f6]

  .   ____          _            __ _ _
 /\\ / ___'_ __ _ _(_)_ __  __ _ \ \ \ \
( ( )\___ | '_ | '_| | '_ \/ _` | \ \ \ \
 \\/  ___)| |_)| | | | | || (_| |  ) ) ) )
  '  |____| .__|_| |_|_| |_\__, | / / / /
 =========|_|==============|___/=/_/_/_/
 :: Spring Boot ::        (v1.4.0.RELEASE)

2016-08-08 02:12:54.951  INFO 13150 --- [    Test worker] g.GallantMediaSrcApplicationTests        : Starting GallantMediaSrcApplicationTests on GallantDebian with PID 13150 (started by ggallant in /var/www/GallantMediaSrc)
2016-08-08 02:12:54.952  INFO 13150 --- [    Test worker] g.GallantMediaSrcApplicationTests        : No active profile set, falling back to default profiles: default
2016-08-08 02:12:55.009  INFO 13150 --- [    Test worker] o.s.w.c.s.GenericWebApplicationContext   : Refreshing org.springframework.web.context.support.GenericWebApplicationContext@3f40bd38: startup date [Mon Aug 08 02:12:55 EDT 2016]; root of context hierarchy
2016-08-08 02:12:56.828  INFO 13150 --- [    Test worker] f.a.AutowiredAnnotationBeanPostProcessor : JSR-330 'javax.inject.Inject' annotation found and supported for autowiring
2016-08-08 02:12:58.611  INFO 13150 --- [    Test worker] s.w.s.m.m.a.RequestMappingHandlerAdapter : Looking for @ControllerAdvice: org.springframework.web.context.support.GenericWebApplicationContext@3f40bd38: startup date [Mon Aug 08 02:12:55 EDT 2016]; root of context hierarchy
2016-08-08 02:12:58.773  INFO 13150 --- [    Test worker] s.w.s.m.m.a.RequestMappingHandlerMapping : Mapped "{[/error]}" onto public java.lang.String gallantmedia.AppErrorController.error()
2016-08-08 02:12:58.776  INFO 13150 --- [    Test worker] s.w.s.m.m.a.RequestMappingHandlerMapping : Mapped "{[/hello]}" onto public java.lang.String gallantmedia.HelloController.index()
2016-08-08 02:12:58.778  INFO 13150 --- [    Test worker] s.w.s.m.m.a.RequestMappingHandlerMapping : Mapped "{[/portfolio]}" onto public java.lang.String gallantmedia.PortfolioController.index()
2016-08-08 02:12:58.787  INFO 13150 --- [    Test worker] o.s.w.s.c.a.WebMvcConfigurerAdapter      : Adding welcome page: ServletContext resource [/index.html]
2016-08-08 02:12:58.817  INFO 13150 --- [    Test worker] o.s.w.s.handler.SimpleUrlHandlerMapping  : Root mapping to handler of type [class org.springframework.web.servlet.mvc.ParameterizableViewController]
2016-08-08 02:12:58.850  INFO 13150 --- [    Test worker] o.s.w.s.handler.SimpleUrlHandlerMapping  : Mapped URL path [/webjars/**] onto handler of type [class org.springframework.web.servlet.resource.ResourceHttpRequestHandler]
2016-08-08 02:12:58.851  INFO 13150 --- [    Test worker] o.s.w.s.handler.SimpleUrlHandlerMapping  : Mapped URL path [/**] onto handler of type [class org.springframework.web.servlet.resource.ResourceHttpRequestHandler]
2016-08-08 02:12:58.966  INFO 13150 --- [    Test worker] o.s.w.s.handler.SimpleUrlHandlerMapping  : Mapped URL path [/**/favicon.ico] onto handler of type [class org.springframework.web.servlet.resource.ResourceHttpRequestHandler]
2016-08-08 02:12:59.389  INFO 13150 --- [    Test worker] g.GallantMediaSrcApplicationTests        : Started GallantMediaSrcApplicationTests in 4.57 seconds (JVM running for 8.441)
]]></system-out>
  <system-err><![CDATA[]]></system-err>
</testsuite>
