<?xml version="1.0" encoding="UTF-8"?>
<testsuite name="gallantmedia.GallantMediaSrcApplicationTests" tests="1" skipped="0" failures="0" errors="0" timestamp="2016-08-01T04:45:22" hostname="GallantDebian" time="0.006">
  <properties/>
  <testcase name="contextLoads" classname="gallantmedia.GallantMediaSrcApplicationTests" time="0.006"/>
  <system-out><![CDATA[2016-08-01 00:45:17.675  INFO 16759 --- [    Test worker] o.s.t.c.support.AbstractContextLoader    : Could not detect default resource locations for test class [gallantmedia.GallantMediaSrcApplicationTests]: no resource found for suffixes {-context.xml, Context.groovy}.
2016-08-01 00:45:17.717  INFO 16759 --- [    Test worker] o.s.t.c.web.WebTestContextBootstrapper   : Loaded default TestExecutionListener class names from location [META-INF/spring.factories]: [org.springframework.boot.test.mock.mockito.MockitoTestExecutionListener, org.springframework.boot.test.mock.mockito.ResetMocksTestExecutionListener, org.springframework.boot.test.autoconfigure.AutoConfigureReportTestExecutionListener, org.springframework.boot.test.autoconfigure.restdocs.RestDocsTestExecutionListener, org.springframework.boot.test.autoconfigure.web.client.MockRestServiceServerResetTestExecutionListener, org.springframework.test.context.web.ServletTestExecutionListener, org.springframework.test.context.support.DirtiesContextBeforeModesTestExecutionListener, org.springframework.test.context.support.DependencyInjectionTestExecutionListener, org.springframework.test.context.support.DirtiesContextTestExecutionListener, org.springframework.test.context.transaction.TransactionalTestExecutionListener, org.springframework.test.context.jdbc.SqlScriptsTestExecutionListener]
2016-08-01 00:45:17.719  INFO 16759 --- [    Test worker] o.s.t.c.web.WebTestContextBootstrapper   : Could not instantiate TestExecutionListener [org.springframework.test.context.jdbc.SqlScriptsTestExecutionListener]. Specify custom listener classes or make the default listener classes (and their required dependencies) available. Offending class: [org/springframework/transaction/interceptor/TransactionAttribute]
2016-08-01 00:45:17.728  INFO 16759 --- [    Test worker] o.s.t.c.web.WebTestContextBootstrapper   : Could not instantiate TestExecutionListener [org.springframework.test.context.transaction.TransactionalTestExecutionListener]. Specify custom listener classes or make the default listener classes (and their required dependencies) available. Offending class: [org/springframework/transaction/TransactionDefinition]
2016-08-01 00:45:17.729  INFO 16759 --- [    Test worker] o.s.t.c.web.WebTestContextBootstrapper   : Using TestExecutionListeners: [org.springframework.test.context.web.ServletTestExecutionListener@463e4172, org.springframework.test.context.support.DirtiesContextBeforeModesTestExecutionListener@3cff4a22, org.springframework.boot.test.autoconfigure.AutoConfigureReportTestExecutionListener@7b1663cd, org.springframework.test.context.support.DependencyInjectionTestExecutionListener@6b7ab8c4, org.springframework.test.context.support.DirtiesContextTestExecutionListener@5f7b4108, org.springframework.boot.test.autoconfigure.restdocs.RestDocsTestExecutionListener@1993ae9f, org.springframework.boot.test.mock.mockito.MockitoTestExecutionListener@51d3be6b, org.springframework.boot.test.mock.mockito.ResetMocksTestExecutionListener@6f51800d, org.springframework.boot.test.autoconfigure.web.client.MockRestServiceServerResetTestExecutionListener@6a27efee]

  .   ____          _            __ _ _
 /\\ / ___'_ __ _ _(_)_ __  __ _ \ \ \ \
( ( )\___ | '_ | '_| | '_ \/ _` | \ \ \ \
 \\/  ___)| |_)| | | | | || (_| |  ) ) ) )
  '  |____| .__|_| |_|_| |_\__, | / / / /
 =========|_|==============|___/=/_/_/_/
 :: Spring Boot ::        (v1.4.0.RELEASE)

2016-08-01 00:45:17.964  INFO 16759 --- [    Test worker] g.GallantMediaSrcApplicationTests        : Starting GallantMediaSrcApplicationTests on GallantDebian with PID 16759 (started by ggallant in /var/www/GallantMediaSrc)
2016-08-01 00:45:17.965  INFO 16759 --- [    Test worker] g.GallantMediaSrcApplicationTests        : No active profile set, falling back to default profiles: default
2016-08-01 00:45:18.022  INFO 16759 --- [    Test worker] o.s.w.c.s.GenericWebApplicationContext   : Refreshing org.springframework.web.context.support.GenericWebApplicationContext@f2f2388: startup date [Mon Aug 01 00:45:18 EDT 2016]; root of context hierarchy
2016-08-01 00:45:21.589  INFO 16759 --- [    Test worker] s.w.s.m.m.a.RequestMappingHandlerAdapter : Looking for @ControllerAdvice: org.springframework.web.context.support.GenericWebApplicationContext@f2f2388: startup date [Mon Aug 01 00:45:18 EDT 2016]; root of context hierarchy
2016-08-01 00:45:21.774  INFO 16759 --- [    Test worker] s.w.s.m.m.a.RequestMappingHandlerMapping : Mapped "{[/error]}" onto public java.lang.String gallantmedia.AppErrorController.error()
2016-08-01 00:45:21.778  INFO 16759 --- [    Test worker] s.w.s.m.m.a.RequestMappingHandlerMapping : Mapped "{[/hello]}" onto public java.lang.String gallantmedia.HelloController.index()
2016-08-01 00:45:21.779  INFO 16759 --- [    Test worker] s.w.s.m.m.a.RequestMappingHandlerMapping : Mapped "{[/portfolio]}" onto public java.lang.String gallantmedia.PortfolioController.index()
2016-08-01 00:45:21.788  INFO 16759 --- [    Test worker] o.s.w.s.c.a.WebMvcConfigurerAdapter      : Adding welcome page: ServletContext resource [/index.html]
2016-08-01 00:45:21.821  INFO 16759 --- [    Test worker] o.s.w.s.handler.SimpleUrlHandlerMapping  : Root mapping to handler of type [class org.springframework.web.servlet.mvc.ParameterizableViewController]
2016-08-01 00:45:21.849  INFO 16759 --- [    Test worker] o.s.w.s.handler.SimpleUrlHandlerMapping  : Mapped URL path [/webjars/**] onto handler of type [class org.springframework.web.servlet.resource.ResourceHttpRequestHandler]
2016-08-01 00:45:21.850  INFO 16759 --- [    Test worker] o.s.w.s.handler.SimpleUrlHandlerMapping  : Mapped URL path [/**] onto handler of type [class org.springframework.web.servlet.resource.ResourceHttpRequestHandler]
2016-08-01 00:45:21.957  INFO 16759 --- [    Test worker] o.s.w.s.handler.SimpleUrlHandlerMapping  : Mapped URL path [/**/favicon.ico] onto handler of type [class org.springframework.web.servlet.resource.ResourceHttpRequestHandler]
2016-08-01 00:45:22.307  INFO 16759 --- [    Test worker] g.GallantMediaSrcApplicationTests        : Started GallantMediaSrcApplicationTests in 4.506 seconds (JVM running for 7.866)
]]></system-out>
  <system-err><![CDATA[]]></system-err>
</testsuite>
